[debug] [2020-10-05T06:18:55.061Z] ----------------------------------------------------------------------
[debug] [2020-10-05T06:18:55.064Z] Command:       C:\Program Files\nodejs\node.exe C:\Users\huzaif\AppData\Roaming\npm\node_modules\firebase-tools\lib\bin\firebase.js emulators:start
[debug] [2020-10-05T06:18:55.065Z] CLI Version:   8.11.2
[debug] [2020-10-05T06:18:55.065Z] Platform:      win32
[debug] [2020-10-05T06:18:55.065Z] Node Version:  v12.18.3
[debug] [2020-10-05T06:18:55.066Z] Time:          Mon Oct 05 2020 11:48:55 GMT+0530 (India Standard Time)
[debug] [2020-10-05T06:18:55.067Z] ----------------------------------------------------------------------
[debug] [2020-10-05T06:18:55.067Z] 
[debug] [2020-10-05T06:18:55.080Z] > command requires scopes: ["email","openid","https://www.googleapis.com/auth/cloudplatformprojects.readonly","https://www.googleapis.com/auth/firebase","https://www.googleapis.com/auth/cloud-platform"]
[debug] [2020-10-05T06:18:55.081Z] > authorizing via signed-in user
[info] i  emulators: Starting emulators: functions, hosting {"metadata":{"emulator":{"name":"hub"},"message":"Starting emulators: functions, hosting"}}
[debug] [2020-10-05T06:18:56.111Z] [hub] writing locator at C:\Users\huzaif\AppData\Local\Temp\hub-clone-4a182.json
[warn] !  functions: The following emulators are not running, calls to these services from the Functions emulator will affect production: auth, firestore, database, pubsub {"metadata":{"emulator":{"name":"functions"},"message":"The following emulators are not running, calls to these services from the Functions emulator will affect production: \u001b[1mauth, firestore, database, pubsub\u001b[22m"}}
[warn] !  Your requested "node" version "10" doesn't match your global version "12" {"metadata":{"emulator":{"name":"functions"},"message":"Your requested \"node\" version \"10\" doesn't match your global version \"12\""}}
[debug] [2020-10-05T06:18:57.150Z] defaultcredentials: writing to file C:\Users\huzaif\AppData\Roaming\firebase\huzaif012_gmail_com_application_default_credentials.json
[debug] [2020-10-05T06:18:57.154Z] Setting GAC to C:\Users\huzaif\AppData\Roaming\firebase\huzaif012_gmail_com_application_default_credentials.json {"metadata":{"emulator":{"name":"functions"},"message":"Setting GAC to C:\\Users\\huzaif\\AppData\\Roaming\\firebase\\huzaif012_gmail_com_application_default_credentials.json"}}
[debug] [2020-10-05T06:18:58.173Z] >>> HTTP REQUEST GET https://firebase.googleapis.com/v1beta1/projects/clone-4a182/webApps/-/config  
 
[debug] [2020-10-05T06:18:59.754Z] <<< HTTP RESPONSE 200 {"content-type":"application/json; charset=UTF-8","vary":"X-Origin, Referer, Origin,Accept-Encoding","date":"Mon, 05 Oct 2020 06:19:00 GMT","server":"ESF","cache-control":"private","x-xss-protection":"0","x-frame-options":"SAMEORIGIN","x-content-type-options":"nosniff","alt-svc":"h3-Q050=\":443\"; ma=2592000,h3-29=\":443\"; ma=2592000,h3-27=\":443\"; ma=2592000,h3-T051=\":443\"; ma=2592000,h3-T050=\":443\"; ma=2592000,h3-Q046=\":443\"; ma=2592000,h3-Q043=\":443\"; ma=2592000,quic=\":443\"; ma=2592000; v=\"46,43\"","accept-ranges":"none","transfer-encoding":"chunked"}
[info] i  hosting: Serving hosting files from: build {"metadata":{"emulator":{"name":"hosting"},"message":"Serving hosting files from: \u001b[1mbuild\u001b[22m"}}
[info] +  hosting: Local server: http://localhost:5000 {"metadata":{"emulator":{"name":"hosting"},"message":"Local server: \u001b[4m\u001b[1mhttp://localhost:5000\u001b[22m\u001b[24m"}}
[debug] [2020-10-05T06:19:01.828Z] Ignoring unsupported arg: auto_download {"metadata":{"emulator":{"name":"ui"},"message":"Ignoring unsupported arg: auto_download"}}
[debug] [2020-10-05T06:19:01.829Z] Ignoring unsupported arg: port {"metadata":{"emulator":{"name":"ui"},"message":"Ignoring unsupported arg: port"}}
[debug] [2020-10-05T06:19:01.829Z] Starting Emulator UI with command {"binary":"node","args":["C:\\Users\\huzaif\\.cache\\firebase\\emulators\\ui-v1.1.1\\server.bundle.js"],"optionalArgs":[],"joinArgs":false} {"metadata":{"emulator":{"name":"ui"},"message":"Starting Emulator UI with command {\"binary\":\"node\",\"args\":[\"C:\\\\Users\\\\huzaif\\\\.cache\\\\firebase\\\\emulators\\\\ui-v1.1.1\\\\server.bundle.js\"],\"optionalArgs\":[],\"joinArgs\":false}"}}
[info] i  ui: Emulator UI logging to ui-debug.log {"metadata":{"emulator":{"name":"ui"},"message":"Emulator UI logging to \u001b[1mui-debug.log\u001b[22m"}}
[debug] [2020-10-05T06:19:02.031Z] Web / API server started at http://localhost:4000
 {"metadata":{"emulator":{"name":"ui"},"message":"Web / API server started at http://localhost:4000\n"}}
[info] i  functions: Watching "C:\amazon clone\amazon-clone\functions" for Cloud Functions... {"metadata":{"emulator":{"name":"functions"},"message":"Watching \"C:\\amazon clone\\amazon-clone\\functions\" for Cloud Functions..."}}
[debug] [2020-10-05T06:19:02.371Z] [worker-pool] addWorker(~diagnostic~) {"metadata":{"emulator":{"name":"functions"},"message":"[worker-pool] addWorker(~diagnostic~)"}}
[debug] [2020-10-05T06:19:02.371Z] [worker-pool] Adding worker with key ~diagnostic~, total=1 {"metadata":{"emulator":{"name":"functions"},"message":"[worker-pool] Adding worker with key ~diagnostic~, total=1"}}
[debug] [2020-10-05T06:19:02.372Z] [worker-pool] submitWork(triggerId=) {"metadata":{"emulator":{"name":"functions"},"message":"[worker-pool] submitWork(triggerId=)"}}
[debug] [2020-10-05T06:19:02.372Z] [worker-~diagnostic~-48784313-71e1-4c0c-96f2-7d8fb3eba7b4]: Assigning socketPath: \\?\pipe\C:\amazon clone\amazon-clone\functions\5324 {"metadata":{"emulator":{"name":"functions"},"message":"[worker-~diagnostic~-48784313-71e1-4c0c-96f2-7d8fb3eba7b4]: Assigning socketPath: \\\\?\\pipe\\C:\\amazon clone\\amazon-clone\\functions\\5324"}}
[debug] [2020-10-05T06:19:02.373Z] [worker-~diagnostic~-48784313-71e1-4c0c-96f2-7d8fb3eba7b4]: BUSY {"metadata":{"emulator":{"name":"functions"},"message":"[worker-~diagnostic~-48784313-71e1-4c0c-96f2-7d8fb3eba7b4]: BUSY"}}
[debug] [2020-10-05T06:19:03.163Z] [runtime-status] [5324] Functions runtime initialized. {"cwd":"C:\\amazon clone\\amazon-clone\\functions","node_version":"12.18.3"} {"metadata":{"emulator":{"name":"functions"},"message":"[runtime-status] [5324] Functions runtime initialized. {\"cwd\":\"C:\\\\amazon clone\\\\amazon-clone\\\\functions\",\"node_version\":\"12.18.3\"}"}}
[debug] [2020-10-05T06:19:03.175Z] [runtime-status] [5324] Disabled runtime features: undefined {"metadata":{"emulator":{"name":"functions"},"message":"[runtime-status] [5324] Disabled runtime features: undefined"}}
[debug] [2020-10-05T06:19:03.187Z] [runtime-status] [5324] Resolved module firebase-admin {"declared":true,"installed":true,"version":"8.13.0","resolution":"C:\\amazon clone\\amazon-clone\\functions\\node_modules\\firebase-admin\\lib\\index.js"} {"metadata":{"emulator":{"name":"functions"},"message":"[runtime-status] [5324] Resolved module firebase-admin {\"declared\":true,\"installed\":true,\"version\":\"8.13.0\",\"resolution\":\"C:\\\\amazon clone\\\\amazon-clone\\\\functions\\\\node_modules\\\\firebase-admin\\\\lib\\\\index.js\"}"}}
[debug] [2020-10-05T06:19:03.190Z] [runtime-status] [5324] Resolved module firebase-functions {"declared":true,"installed":true,"version":"3.11.0","resolution":"C:\\amazon clone\\amazon-clone\\functions\\node_modules\\firebase-functions\\lib\\index.js"} {"metadata":{"emulator":{"name":"functions"},"message":"[runtime-status] [5324] Resolved module firebase-functions {\"declared\":true,\"installed\":true,\"version\":\"3.11.0\",\"resolution\":\"C:\\\\amazon clone\\\\amazon-clone\\\\functions\\\\node_modules\\\\firebase-functions\\\\lib\\\\index.js\"}"}}
[debug] [2020-10-05T06:19:03.193Z] [runtime-status] [5324] Resolved module firebase-functions {"declared":true,"installed":true,"version":"3.11.0","resolution":"C:\\amazon clone\\amazon-clone\\functions\\node_modules\\firebase-functions\\lib\\index.js"} {"metadata":{"emulator":{"name":"functions"},"message":"[runtime-status] [5324] Resolved module firebase-functions {\"declared\":true,\"installed\":true,\"version\":\"3.11.0\",\"resolution\":\"C:\\\\amazon clone\\\\amazon-clone\\\\functions\\\\node_modules\\\\firebase-functions\\\\lib\\\\index.js\"}"}}
[debug] [2020-10-05T06:19:03.196Z] [runtime-status] [5324] Outgoing network have been stubbed. [{"name":"http","status":"mocked"},{"name":"http","status":"mocked"},{"name":"https","status":"mocked"},{"name":"https","status":"mocked"},{"name":"net","status":"mocked"}] {"metadata":{"emulator":{"name":"functions"},"message":"[runtime-status] [5324] Outgoing network have been stubbed. [{\"name\":\"http\",\"status\":\"mocked\"},{\"name\":\"http\",\"status\":\"mocked\"},{\"name\":\"https\",\"status\":\"mocked\"},{\"name\":\"https\",\"status\":\"mocked\"},{\"name\":\"net\",\"status\":\"mocked\"}]"}}
[debug] [2020-10-05T06:19:03.197Z] [runtime-status] [5324] Resolved module firebase-functions {"declared":true,"installed":true,"version":"3.11.0","resolution":"C:\\amazon clone\\amazon-clone\\functions\\node_modules\\firebase-functions\\lib\\index.js"} {"metadata":{"emulator":{"name":"functions"},"message":"[runtime-status] [5324] Resolved module firebase-functions {\"declared\":true,\"installed\":true,\"version\":\"3.11.0\",\"resolution\":\"C:\\\\amazon clone\\\\amazon-clone\\\\functions\\\\node_modules\\\\firebase-functions\\\\lib\\\\index.js\"}"}}
[debug] [2020-10-05T06:19:04.125Z] [runtime-status] [5324] Checked functions.config() {"config":{}} {"metadata":{"emulator":{"name":"functions"},"message":"[runtime-status] [5324] Checked functions.config() {\"config\":{}}"}}
[debug] [2020-10-05T06:19:04.127Z] [runtime-status] [5324] firebase-functions has been stubbed. {"functionsResolution":{"declared":true,"installed":true,"version":"3.11.0","resolution":"C:\\amazon clone\\amazon-clone\\functions\\node_modules\\firebase-functions\\lib\\index.js"}} {"metadata":{"emulator":{"name":"functions"},"message":"[runtime-status] [5324] firebase-functions has been stubbed. {\"functionsResolution\":{\"declared\":true,\"installed\":true,\"version\":\"3.11.0\",\"resolution\":\"C:\\\\amazon clone\\\\amazon-clone\\\\functions\\\\node_modules\\\\firebase-functions\\\\lib\\\\index.js\"}}"}}
[debug] [2020-10-05T06:19:04.127Z] [runtime-status] [5324] Resolved module firebase-functions {"declared":true,"installed":true,"version":"3.11.0","resolution":"C:\\amazon clone\\amazon-clone\\functions\\node_modules\\firebase-functions\\lib\\index.js"} {"metadata":{"emulator":{"name":"functions"},"message":"[runtime-status] [5324] Resolved module firebase-functions {\"declared\":true,\"installed\":true,\"version\":\"3.11.0\",\"resolution\":\"C:\\\\amazon clone\\\\amazon-clone\\\\functions\\\\node_modules\\\\firebase-functions\\\\lib\\\\index.js\"}"}}
[debug] [2020-10-05T06:19:04.129Z] [runtime-status] [5324] Resolved module firebase-admin {"declared":true,"installed":true,"version":"8.13.0","resolution":"C:\\amazon clone\\amazon-clone\\functions\\node_modules\\firebase-admin\\lib\\index.js"} {"metadata":{"emulator":{"name":"functions"},"message":"[runtime-status] [5324] Resolved module firebase-admin {\"declared\":true,\"installed\":true,\"version\":\"8.13.0\",\"resolution\":\"C:\\\\amazon clone\\\\amazon-clone\\\\functions\\\\node_modules\\\\firebase-admin\\\\lib\\\\index.js\"}"}}
[debug] [2020-10-05T06:19:04.130Z] [runtime-status] [5324] Resolved module firebase-functions {"declared":true,"installed":true,"version":"3.11.0","resolution":"C:\\amazon clone\\amazon-clone\\functions\\node_modules\\firebase-functions\\lib\\index.js"} {"metadata":{"emulator":{"name":"functions"},"message":"[runtime-status] [5324] Resolved module firebase-functions {\"declared\":true,\"installed\":true,\"version\":\"3.11.0\",\"resolution\":\"C:\\\\amazon clone\\\\amazon-clone\\\\functions\\\\node_modules\\\\firebase-functions\\\\lib\\\\index.js\"}"}}
[debug] [2020-10-05T06:19:04.131Z] [runtime-status] [5324] firebase-admin has been stubbed. {"adminResolution":{"declared":true,"installed":true,"version":"8.13.0","resolution":"C:\\amazon clone\\amazon-clone\\functions\\node_modules\\firebase-admin\\lib\\index.js"}} {"metadata":{"emulator":{"name":"functions"},"message":"[runtime-status] [5324] firebase-admin has been stubbed. {\"adminResolution\":{\"declared\":true,\"installed\":true,\"version\":\"8.13.0\",\"resolution\":\"C:\\\\amazon clone\\\\amazon-clone\\\\functions\\\\node_modules\\\\firebase-admin\\\\lib\\\\index.js\"}}"}}
[info] +  functions[api]: http function initialized (http://localhost:5001/clone-4a182/us-central1/api). {"metadata":{"emulator":{"name":"functions"},"message":"\u001b[1mhttp\u001b[22m function initialized (http://localhost:5001/clone-4a182/us-central1/api)."}}
[info] 
┌───────────────────────────────────────────────────────────────────────┐
│ ✔  All emulators ready! View status and logs at http://localhost:4000 │
└───────────────────────────────────────────────────────────────────────┘

┌───────────┬────────────────┬─────────────────────────────────┐
│ Emulator  │ Host:Port      │ View in Emulator UI             │
├───────────┼────────────────┼─────────────────────────────────┤
│ Functions │ localhost:5001 │ http://localhost:4000/functions │
├───────────┼────────────────┼─────────────────────────────────┤
│ Hosting   │ localhost:5000 │ n/a                             │
└───────────┴────────────────┴─────────────────────────────────┘
  Other reserved ports: 4400, 4500

Issues? Report them at https://github.com/firebase/firebase-tools/issues and attach the *-debug.log files.
 
[debug] [2020-10-05T06:19:05.397Z] [worker-~diagnostic~-48784313-71e1-4c0c-96f2-7d8fb3eba7b4]: IDLE {"metadata":{"emulator":{"name":"functions"},"message":"[worker-~diagnostic~-48784313-71e1-4c0c-96f2-7d8fb3eba7b4]: IDLE"}}
[debug] [2020-10-05T06:22:56.064Z] File C:\amazon clone\amazon-clone\functions\index.js changed, reloading triggers {"metadata":{"emulator":{"name":"functions"},"message":"File C:\\amazon clone\\amazon-clone\\functions\\index.js changed, reloading triggers"}}
[debug] [2020-10-05T06:22:57.077Z] [worker-pool] Shutting down IDLE worker (~diagnostic~) {"metadata":{"emulator":{"name":"functions"},"message":"[worker-pool] Shutting down IDLE worker (~diagnostic~)"}}
[debug] [2020-10-05T06:22:57.078Z] [worker-~diagnostic~-48784313-71e1-4c0c-96f2-7d8fb3eba7b4]: FINISHING {"metadata":{"emulator":{"name":"functions"},"message":"[worker-~diagnostic~-48784313-71e1-4c0c-96f2-7d8fb3eba7b4]: FINISHING"}}
[debug] [2020-10-05T06:22:57.123Z] [worker-pool] addWorker(~diagnostic~) {"metadata":{"emulator":{"name":"functions"},"message":"[worker-pool] addWorker(~diagnostic~)"}}
[debug] [2020-10-05T06:22:57.123Z] [worker-pool] Adding worker with key ~diagnostic~, total=2 {"metadata":{"emulator":{"name":"functions"},"message":"[worker-pool] Adding worker with key ~diagnostic~, total=2"}}
[debug] [2020-10-05T06:22:57.124Z] [worker-pool] submitWork(triggerId=) {"metadata":{"emulator":{"name":"functions"},"message":"[worker-pool] submitWork(triggerId=)"}}
[debug] [2020-10-05T06:22:57.124Z] [worker-~diagnostic~-4ac634bb-9d69-4905-96b1-1903ce610c8b]: Assigning socketPath: \\?\pipe\C:\amazon clone\amazon-clone\functions\5824 {"metadata":{"emulator":{"name":"functions"},"message":"[worker-~diagnostic~-4ac634bb-9d69-4905-96b1-1903ce610c8b]: Assigning socketPath: \\\\?\\pipe\\C:\\amazon clone\\amazon-clone\\functions\\5824"}}
[debug] [2020-10-05T06:22:57.124Z] [worker-~diagnostic~-4ac634bb-9d69-4905-96b1-1903ce610c8b]: BUSY {"metadata":{"emulator":{"name":"functions"},"message":"[worker-~diagnostic~-4ac634bb-9d69-4905-96b1-1903ce610c8b]: BUSY"}}
[debug] [2020-10-05T06:22:57.126Z] [worker-~diagnostic~-48784313-71e1-4c0c-96f2-7d8fb3eba7b4]: exited {"metadata":{"emulator":{"name":"functions"},"message":"[worker-~diagnostic~-48784313-71e1-4c0c-96f2-7d8fb3eba7b4]: exited"}}
[debug] [2020-10-05T06:22:57.126Z] [worker-~diagnostic~-48784313-71e1-4c0c-96f2-7d8fb3eba7b4]: FINISHED {"metadata":{"emulator":{"name":"functions"},"message":"[worker-~diagnostic~-48784313-71e1-4c0c-96f2-7d8fb3eba7b4]: FINISHED"}}
[debug] [2020-10-05T06:23:04.076Z] [runtime-status] [5824] Functions runtime initialized. {"cwd":"C:\\amazon clone\\amazon-clone\\functions","node_version":"12.18.3"} {"metadata":{"emulator":{"name":"functions"},"message":"[runtime-status] [5824] Functions runtime initialized. {\"cwd\":\"C:\\\\amazon clone\\\\amazon-clone\\\\functions\",\"node_version\":\"12.18.3\"}"}}
[debug] [2020-10-05T06:23:04.079Z] [runtime-status] [5824] Disabled runtime features: undefined {"metadata":{"emulator":{"name":"functions"},"message":"[runtime-status] [5824] Disabled runtime features: undefined"}}
[debug] [2020-10-05T06:23:04.106Z] [runtime-status] [5824] Resolved module firebase-admin {"declared":true,"installed":true,"version":"8.13.0","resolution":"C:\\amazon clone\\amazon-clone\\functions\\node_modules\\firebase-admin\\lib\\index.js"} {"metadata":{"emulator":{"name":"functions"},"message":"[runtime-status] [5824] Resolved module firebase-admin {\"declared\":true,\"installed\":true,\"version\":\"8.13.0\",\"resolution\":\"C:\\\\amazon clone\\\\amazon-clone\\\\functions\\\\node_modules\\\\firebase-admin\\\\lib\\\\index.js\"}"}}
[debug] [2020-10-05T06:23:04.118Z] [runtime-status] [5824] Resolved module firebase-functions {"declared":true,"installed":true,"version":"3.11.0","resolution":"C:\\amazon clone\\amazon-clone\\functions\\node_modules\\firebase-functions\\lib\\index.js"} {"metadata":{"emulator":{"name":"functions"},"message":"[runtime-status] [5824] Resolved module firebase-functions {\"declared\":true,\"installed\":true,\"version\":\"3.11.0\",\"resolution\":\"C:\\\\amazon clone\\\\amazon-clone\\\\functions\\\\node_modules\\\\firebase-functions\\\\lib\\\\index.js\"}"}}
[debug] [2020-10-05T06:23:04.119Z] [runtime-status] [5824] Resolved module firebase-functions {"declared":true,"installed":true,"version":"3.11.0","resolution":"C:\\amazon clone\\amazon-clone\\functions\\node_modules\\firebase-functions\\lib\\index.js"} {"metadata":{"emulator":{"name":"functions"},"message":"[runtime-status] [5824] Resolved module firebase-functions {\"declared\":true,\"installed\":true,\"version\":\"3.11.0\",\"resolution\":\"C:\\\\amazon clone\\\\amazon-clone\\\\functions\\\\node_modules\\\\firebase-functions\\\\lib\\\\index.js\"}"}}
[debug] [2020-10-05T06:23:04.123Z] [runtime-status] [5824] Outgoing network have been stubbed. [{"name":"http","status":"mocked"},{"name":"http","status":"mocked"},{"name":"https","status":"mocked"},{"name":"https","status":"mocked"},{"name":"net","status":"mocked"}] {"metadata":{"emulator":{"name":"functions"},"message":"[runtime-status] [5824] Outgoing network have been stubbed. [{\"name\":\"http\",\"status\":\"mocked\"},{\"name\":\"http\",\"status\":\"mocked\"},{\"name\":\"https\",\"status\":\"mocked\"},{\"name\":\"https\",\"status\":\"mocked\"},{\"name\":\"net\",\"status\":\"mocked\"}]"}}
[debug] [2020-10-05T06:23:04.124Z] [runtime-status] [5824] Resolved module firebase-functions {"declared":true,"installed":true,"version":"3.11.0","resolution":"C:\\amazon clone\\amazon-clone\\functions\\node_modules\\firebase-functions\\lib\\index.js"} {"metadata":{"emulator":{"name":"functions"},"message":"[runtime-status] [5824] Resolved module firebase-functions {\"declared\":true,\"installed\":true,\"version\":\"3.11.0\",\"resolution\":\"C:\\\\amazon clone\\\\amazon-clone\\\\functions\\\\node_modules\\\\firebase-functions\\\\lib\\\\index.js\"}"}}
[debug] [2020-10-05T06:23:05.124Z] [runtime-status] [5824] Checked functions.config() {"config":{}} {"metadata":{"emulator":{"name":"functions"},"message":"[runtime-status] [5824] Checked functions.config() {\"config\":{}}"}}
[debug] [2020-10-05T06:23:05.124Z] [runtime-status] [5824] firebase-functions has been stubbed. {"functionsResolution":{"declared":true,"installed":true,"version":"3.11.0","resolution":"C:\\amazon clone\\amazon-clone\\functions\\node_modules\\firebase-functions\\lib\\index.js"}} {"metadata":{"emulator":{"name":"functions"},"message":"[runtime-status] [5824] firebase-functions has been stubbed. {\"functionsResolution\":{\"declared\":true,\"installed\":true,\"version\":\"3.11.0\",\"resolution\":\"C:\\\\amazon clone\\\\amazon-clone\\\\functions\\\\node_modules\\\\firebase-functions\\\\lib\\\\index.js\"}}"}}
[debug] [2020-10-05T06:23:05.126Z] [runtime-status] [5824] Resolved module firebase-functions {"declared":true,"installed":true,"version":"3.11.0","resolution":"C:\\amazon clone\\amazon-clone\\functions\\node_modules\\firebase-functions\\lib\\index.js"} {"metadata":{"emulator":{"name":"functions"},"message":"[runtime-status] [5824] Resolved module firebase-functions {\"declared\":true,\"installed\":true,\"version\":\"3.11.0\",\"resolution\":\"C:\\\\amazon clone\\\\amazon-clone\\\\functions\\\\node_modules\\\\firebase-functions\\\\lib\\\\index.js\"}"}}
[debug] [2020-10-05T06:23:05.128Z] [runtime-status] [5824] Resolved module firebase-admin {"declared":true,"installed":true,"version":"8.13.0","resolution":"C:\\amazon clone\\amazon-clone\\functions\\node_modules\\firebase-admin\\lib\\index.js"} {"metadata":{"emulator":{"name":"functions"},"message":"[runtime-status] [5824] Resolved module firebase-admin {\"declared\":true,\"installed\":true,\"version\":\"8.13.0\",\"resolution\":\"C:\\\\amazon clone\\\\amazon-clone\\\\functions\\\\node_modules\\\\firebase-admin\\\\lib\\\\index.js\"}"}}
[debug] [2020-10-05T06:23:05.129Z] [runtime-status] [5824] Resolved module firebase-functions {"declared":true,"installed":true,"version":"3.11.0","resolution":"C:\\amazon clone\\amazon-clone\\functions\\node_modules\\firebase-functions\\lib\\index.js"} {"metadata":{"emulator":{"name":"functions"},"message":"[runtime-status] [5824] Resolved module firebase-functions {\"declared\":true,\"installed\":true,\"version\":\"3.11.0\",\"resolution\":\"C:\\\\amazon clone\\\\amazon-clone\\\\functions\\\\node_modules\\\\firebase-functions\\\\lib\\\\index.js\"}"}}
[debug] [2020-10-05T06:23:05.132Z] [runtime-status] [5824] firebase-admin has been stubbed. {"adminResolution":{"declared":true,"installed":true,"version":"8.13.0","resolution":"C:\\amazon clone\\amazon-clone\\functions\\node_modules\\firebase-admin\\lib\\index.js"}} {"metadata":{"emulator":{"name":"functions"},"message":"[runtime-status] [5824] firebase-admin has been stubbed. {\"adminResolution\":{\"declared\":true,\"installed\":true,\"version\":\"8.13.0\",\"resolution\":\"C:\\\\amazon clone\\\\amazon-clone\\\\functions\\\\node_modules\\\\firebase-admin\\\\lib\\\\index.js\"}}"}}
[debug] [2020-10-05T06:23:07.219Z] [worker-~diagnostic~-4ac634bb-9d69-4905-96b1-1903ce610c8b]: IDLE {"metadata":{"emulator":{"name":"functions"},"message":"[worker-~diagnostic~-4ac634bb-9d69-4905-96b1-1903ce610c8b]: IDLE"}}
[debug] [2020-10-05T06:24:34.890Z] File C:\amazon clone\amazon-clone\functions\index.js changed, reloading triggers {"metadata":{"emulator":{"name":"functions"},"message":"File C:\\amazon clone\\amazon-clone\\functions\\index.js changed, reloading triggers"}}
[debug] [2020-10-05T06:24:35.892Z] [worker-pool] Shutting down IDLE worker (~diagnostic~) {"metadata":{"emulator":{"name":"functions"},"message":"[worker-pool] Shutting down IDLE worker (~diagnostic~)"}}
[debug] [2020-10-05T06:24:35.892Z] [worker-~diagnostic~-4ac634bb-9d69-4905-96b1-1903ce610c8b]: FINISHING {"metadata":{"emulator":{"name":"functions"},"message":"[worker-~diagnostic~-4ac634bb-9d69-4905-96b1-1903ce610c8b]: FINISHING"}}
[debug] [2020-10-05T06:24:35.893Z] [worker-pool] Cleaned up workers for ~diagnostic~: 2 --> 1 {"metadata":{"emulator":{"name":"functions"},"message":"[worker-pool] Cleaned up workers for ~diagnostic~: 2 --> 1"}}
[debug] [2020-10-05T06:24:35.897Z] [worker-pool] addWorker(~diagnostic~) {"metadata":{"emulator":{"name":"functions"},"message":"[worker-pool] addWorker(~diagnostic~)"}}
[debug] [2020-10-05T06:24:35.898Z] [worker-pool] Adding worker with key ~diagnostic~, total=2 {"metadata":{"emulator":{"name":"functions"},"message":"[worker-pool] Adding worker with key ~diagnostic~, total=2"}}
[debug] [2020-10-05T06:24:35.898Z] [worker-pool] submitWork(triggerId=) {"metadata":{"emulator":{"name":"functions"},"message":"[worker-pool] submitWork(triggerId=)"}}
[debug] [2020-10-05T06:24:35.898Z] [worker-~diagnostic~-29450275-b095-46e3-bc64-5fa39c5a0384]: Assigning socketPath: \\?\pipe\C:\amazon clone\amazon-clone\functions\8012 {"metadata":{"emulator":{"name":"functions"},"message":"[worker-~diagnostic~-29450275-b095-46e3-bc64-5fa39c5a0384]: Assigning socketPath: \\\\?\\pipe\\C:\\amazon clone\\amazon-clone\\functions\\8012"}}
[debug] [2020-10-05T06:24:35.898Z] [worker-~diagnostic~-29450275-b095-46e3-bc64-5fa39c5a0384]: BUSY {"metadata":{"emulator":{"name":"functions"},"message":"[worker-~diagnostic~-29450275-b095-46e3-bc64-5fa39c5a0384]: BUSY"}}
[debug] [2020-10-05T06:24:35.900Z] [worker-~diagnostic~-4ac634bb-9d69-4905-96b1-1903ce610c8b]: exited {"metadata":{"emulator":{"name":"functions"},"message":"[worker-~diagnostic~-4ac634bb-9d69-4905-96b1-1903ce610c8b]: exited"}}
[debug] [2020-10-05T06:24:35.900Z] [worker-~diagnostic~-4ac634bb-9d69-4905-96b1-1903ce610c8b]: FINISHED {"metadata":{"emulator":{"name":"functions"},"message":"[worker-~diagnostic~-4ac634bb-9d69-4905-96b1-1903ce610c8b]: FINISHED"}}
[debug] [2020-10-05T06:24:36.883Z] [runtime-status] [8012] Functions runtime initialized. {"cwd":"C:\\amazon clone\\amazon-clone\\functions","node_version":"12.18.3"} {"metadata":{"emulator":{"name":"functions"},"message":"[runtime-status] [8012] Functions runtime initialized. {\"cwd\":\"C:\\\\amazon clone\\\\amazon-clone\\\\functions\",\"node_version\":\"12.18.3\"}"}}
[debug] [2020-10-05T06:24:36.899Z] [runtime-status] [8012] Disabled runtime features: undefined {"metadata":{"emulator":{"name":"functions"},"message":"[runtime-status] [8012] Disabled runtime features: undefined"}}
[debug] [2020-10-05T06:24:36.909Z] [runtime-status] [8012] Resolved module firebase-admin {"declared":true,"installed":true,"version":"8.13.0","resolution":"C:\\amazon clone\\amazon-clone\\functions\\node_modules\\firebase-admin\\lib\\index.js"} {"metadata":{"emulator":{"name":"functions"},"message":"[runtime-status] [8012] Resolved module firebase-admin {\"declared\":true,\"installed\":true,\"version\":\"8.13.0\",\"resolution\":\"C:\\\\amazon clone\\\\amazon-clone\\\\functions\\\\node_modules\\\\firebase-admin\\\\lib\\\\index.js\"}"}}
[debug] [2020-10-05T06:24:36.922Z] [runtime-status] [8012] Resolved module firebase-functions {"declared":true,"installed":true,"version":"3.11.0","resolution":"C:\\amazon clone\\amazon-clone\\functions\\node_modules\\firebase-functions\\lib\\index.js"} {"metadata":{"emulator":{"name":"functions"},"message":"[runtime-status] [8012] Resolved module firebase-functions {\"declared\":true,\"installed\":true,\"version\":\"3.11.0\",\"resolution\":\"C:\\\\amazon clone\\\\amazon-clone\\\\functions\\\\node_modules\\\\firebase-functions\\\\lib\\\\index.js\"}"}}
[debug] [2020-10-05T06:24:36.925Z] [runtime-status] [8012] Resolved module firebase-functions {"declared":true,"installed":true,"version":"3.11.0","resolution":"C:\\amazon clone\\amazon-clone\\functions\\node_modules\\firebase-functions\\lib\\index.js"} {"metadata":{"emulator":{"name":"functions"},"message":"[runtime-status] [8012] Resolved module firebase-functions {\"declared\":true,\"installed\":true,\"version\":\"3.11.0\",\"resolution\":\"C:\\\\amazon clone\\\\amazon-clone\\\\functions\\\\node_modules\\\\firebase-functions\\\\lib\\\\index.js\"}"}}
[debug] [2020-10-05T06:24:36.930Z] [runtime-status] [8012] Outgoing network have been stubbed. [{"name":"http","status":"mocked"},{"name":"http","status":"mocked"},{"name":"https","status":"mocked"},{"name":"https","status":"mocked"},{"name":"net","status":"mocked"}] {"metadata":{"emulator":{"name":"functions"},"message":"[runtime-status] [8012] Outgoing network have been stubbed. [{\"name\":\"http\",\"status\":\"mocked\"},{\"name\":\"http\",\"status\":\"mocked\"},{\"name\":\"https\",\"status\":\"mocked\"},{\"name\":\"https\",\"status\":\"mocked\"},{\"name\":\"net\",\"status\":\"mocked\"}]"}}
[debug] [2020-10-05T06:24:36.932Z] [runtime-status] [8012] Resolved module firebase-functions {"declared":true,"installed":true,"version":"3.11.0","resolution":"C:\\amazon clone\\amazon-clone\\functions\\node_modules\\firebase-functions\\lib\\index.js"} {"metadata":{"emulator":{"name":"functions"},"message":"[runtime-status] [8012] Resolved module firebase-functions {\"declared\":true,\"installed\":true,\"version\":\"3.11.0\",\"resolution\":\"C:\\\\amazon clone\\\\amazon-clone\\\\functions\\\\node_modules\\\\firebase-functions\\\\lib\\\\index.js\"}"}}
[debug] [2020-10-05T06:24:37.032Z] [runtime-status] [8012] Checked functions.config() {"config":{}} {"metadata":{"emulator":{"name":"functions"},"message":"[runtime-status] [8012] Checked functions.config() {\"config\":{}}"}}
[debug] [2020-10-05T06:24:37.033Z] [runtime-status] [8012] firebase-functions has been stubbed. {"functionsResolution":{"declared":true,"installed":true,"version":"3.11.0","resolution":"C:\\amazon clone\\amazon-clone\\functions\\node_modules\\firebase-functions\\lib\\index.js"}} {"metadata":{"emulator":{"name":"functions"},"message":"[runtime-status] [8012] firebase-functions has been stubbed. {\"functionsResolution\":{\"declared\":true,\"installed\":true,\"version\":\"3.11.0\",\"resolution\":\"C:\\\\amazon clone\\\\amazon-clone\\\\functions\\\\node_modules\\\\firebase-functions\\\\lib\\\\index.js\"}}"}}
[debug] [2020-10-05T06:24:37.034Z] [runtime-status] [8012] Resolved module firebase-functions {"declared":true,"installed":true,"version":"3.11.0","resolution":"C:\\amazon clone\\amazon-clone\\functions\\node_modules\\firebase-functions\\lib\\index.js"} {"metadata":{"emulator":{"name":"functions"},"message":"[runtime-status] [8012] Resolved module firebase-functions {\"declared\":true,\"installed\":true,\"version\":\"3.11.0\",\"resolution\":\"C:\\\\amazon clone\\\\amazon-clone\\\\functions\\\\node_modules\\\\firebase-functions\\\\lib\\\\index.js\"}"}}
[debug] [2020-10-05T06:24:37.036Z] [runtime-status] [8012] Resolved module firebase-admin {"declared":true,"installed":true,"version":"8.13.0","resolution":"C:\\amazon clone\\amazon-clone\\functions\\node_modules\\firebase-admin\\lib\\index.js"} {"metadata":{"emulator":{"name":"functions"},"message":"[runtime-status] [8012] Resolved module firebase-admin {\"declared\":true,\"installed\":true,\"version\":\"8.13.0\",\"resolution\":\"C:\\\\amazon clone\\\\amazon-clone\\\\functions\\\\node_modules\\\\firebase-admin\\\\lib\\\\index.js\"}"}}
[debug] [2020-10-05T06:24:37.037Z] [runtime-status] [8012] Resolved module firebase-functions {"declared":true,"installed":true,"version":"3.11.0","resolution":"C:\\amazon clone\\amazon-clone\\functions\\node_modules\\firebase-functions\\lib\\index.js"} {"metadata":{"emulator":{"name":"functions"},"message":"[runtime-status] [8012] Resolved module firebase-functions {\"declared\":true,\"installed\":true,\"version\":\"3.11.0\",\"resolution\":\"C:\\\\amazon clone\\\\amazon-clone\\\\functions\\\\node_modules\\\\firebase-functions\\\\lib\\\\index.js\"}"}}
[debug] [2020-10-05T06:24:37.037Z] [runtime-status] [8012] firebase-admin has been stubbed. {"adminResolution":{"declared":true,"installed":true,"version":"8.13.0","resolution":"C:\\amazon clone\\amazon-clone\\functions\\node_modules\\firebase-admin\\lib\\index.js"}} {"metadata":{"emulator":{"name":"functions"},"message":"[runtime-status] [8012] firebase-admin has been stubbed. {\"adminResolution\":{\"declared\":true,\"installed\":true,\"version\":\"8.13.0\",\"resolution\":\"C:\\\\amazon clone\\\\amazon-clone\\\\functions\\\\node_modules\\\\firebase-admin\\\\lib\\\\index.js\"}}"}}
[debug] [2020-10-05T06:24:37.294Z] [worker-~diagnostic~-29450275-b095-46e3-bc64-5fa39c5a0384]: IDLE {"metadata":{"emulator":{"name":"functions"},"message":"[worker-~diagnostic~-29450275-b095-46e3-bc64-5fa39c5a0384]: IDLE"}}
[debug] [2020-10-05T07:05:24.638Z] ----------------------------------------------------------------------
[debug] [2020-10-05T07:05:24.642Z] Command:       C:\Program Files\nodejs\node.exe C:\Users\huzaif\AppData\Roaming\npm\node_modules\firebase-tools\lib\bin\firebase.js emulators:start
[debug] [2020-10-05T07:05:24.643Z] CLI Version:   8.11.2
[debug] [2020-10-05T07:05:24.643Z] Platform:      win32
[debug] [2020-10-05T07:05:24.643Z] Node Version:  v12.18.3
[debug] [2020-10-05T07:05:24.644Z] Time:          Mon Oct 05 2020 12:35:24 GMT+0530 (India Standard Time)
[debug] [2020-10-05T07:05:24.644Z] ----------------------------------------------------------------------
[debug] [2020-10-05T07:05:24.645Z] 
[debug] [2020-10-05T07:05:24.658Z] > command requires scopes: ["email","openid","https://www.googleapis.com/auth/cloudplatformprojects.readonly","https://www.googleapis.com/auth/firebase","https://www.googleapis.com/auth/cloud-platform"]
[debug] [2020-10-05T07:05:24.658Z] > authorizing via signed-in user
[info] i  emulators: Starting emulators: functions, hosting {"metadata":{"emulator":{"name":"hub"},"message":"Starting emulators: functions, hosting"}}
[warn] !  emulators: It seems that you are running multiple instances of the emulator suite for project clone-4a182. This may result in unexpected behavior. 
[debug] [2020-10-05T07:05:25.736Z] [hub] writing locator at C:\Users\huzaif\AppData\Local\Temp\hub-clone-4a182.json
[warn] !  functions: The following emulators are not running, calls to these services from the Functions emulator will affect production: auth, firestore, database, pubsub {"metadata":{"emulator":{"name":"functions"},"message":"The following emulators are not running, calls to these services from the Functions emulator will affect production: \u001b[1mauth, firestore, database, pubsub\u001b[22m"}}
[warn] !  Your requested "node" version "10" doesn't match your global version "12" {"metadata":{"emulator":{"name":"functions"},"message":"Your requested \"node\" version \"10\" doesn't match your global version \"12\""}}
[debug] [2020-10-05T07:05:26.921Z] defaultcredentials: writing to file C:\Users\huzaif\AppData\Roaming\firebase\huzaif012_gmail_com_application_default_credentials.json
[debug] [2020-10-05T07:05:26.928Z] Setting GAC to C:\Users\huzaif\AppData\Roaming\firebase\huzaif012_gmail_com_application_default_credentials.json {"metadata":{"emulator":{"name":"functions"},"message":"Setting GAC to C:\\Users\\huzaif\\AppData\\Roaming\\firebase\\huzaif012_gmail_com_application_default_credentials.json"}}
[debug] [2020-10-05T07:05:27.946Z] > refreshing access token with scopes: ["email","https://www.googleapis.com/auth/cloud-platform","https://www.googleapis.com/auth/cloudplatformprojects.readonly","https://www.googleapis.com/auth/firebase","openid"]
[debug] [2020-10-05T07:05:27.947Z] >>> HTTP REQUEST POST https://www.googleapis.com/oauth2/v3/token  
 <request body omitted>
[debug] [2020-10-05T07:05:28.456Z] <<< HTTP RESPONSE 200 {"content-type":"application/json; charset=utf-8","vary":"X-Origin, Referer, Origin,Accept-Encoding","date":"Mon, 05 Oct 2020 07:05:28 GMT","server":"scaffolding on HTTPServer2","cache-control":"private","x-xss-protection":"0","x-frame-options":"SAMEORIGIN","x-content-type-options":"nosniff","alt-svc":"h3-Q050=\":443\"; ma=2592000,h3-29=\":443\"; ma=2592000,h3-27=\":443\"; ma=2592000,h3-T051=\":443\"; ma=2592000,h3-T050=\":443\"; ma=2592000,h3-Q046=\":443\"; ma=2592000,h3-Q043=\":443\"; ma=2592000,quic=\":443\"; ma=2592000; v=\"46,43\"","accept-ranges":"none","transfer-encoding":"chunked"}
[debug] [2020-10-05T07:05:28.476Z] >>> HTTP REQUEST GET https://firebase.googleapis.com/v1beta1/projects/clone-4a182/webApps/-/config  
 
[debug] [2020-10-05T07:05:30.222Z] <<< HTTP RESPONSE 200 {"content-type":"application/json; charset=UTF-8","vary":"X-Origin, Referer, Origin,Accept-Encoding","date":"Mon, 05 Oct 2020 07:05:30 GMT","server":"ESF","cache-control":"private","x-xss-protection":"0","x-frame-options":"SAMEORIGIN","x-content-type-options":"nosniff","alt-svc":"h3-Q050=\":443\"; ma=2592000,h3-29=\":443\"; ma=2592000,h3-27=\":443\"; ma=2592000,h3-T051=\":443\"; ma=2592000,h3-T050=\":443\"; ma=2592000,h3-Q046=\":443\"; ma=2592000,h3-Q043=\":443\"; ma=2592000,quic=\":443\"; ma=2592000; v=\"46,43\"","accept-ranges":"none","transfer-encoding":"chunked"}
[info] i  hosting: Serving hosting files from: build {"metadata":{"emulator":{"name":"hosting"},"message":"Serving hosting files from: \u001b[1mbuild\u001b[22m"}}
[info] +  hosting: Local server: http://localhost:5000 {"metadata":{"emulator":{"name":"hosting"},"message":"Local server: \u001b[4m\u001b[1mhttp://localhost:5000\u001b[22m\u001b[24m"}}
[debug] [2020-10-05T07:05:32.595Z] Ignoring unsupported arg: auto_download {"metadata":{"emulator":{"name":"ui"},"message":"Ignoring unsupported arg: auto_download"}}
[debug] [2020-10-05T07:05:32.595Z] Ignoring unsupported arg: port {"metadata":{"emulator":{"name":"ui"},"message":"Ignoring unsupported arg: port"}}
[debug] [2020-10-05T07:05:32.595Z] Starting Emulator UI with command {"binary":"node","args":["C:\\Users\\huzaif\\.cache\\firebase\\emulators\\ui-v1.1.1\\server.bundle.js"],"optionalArgs":[],"joinArgs":false} {"metadata":{"emulator":{"name":"ui"},"message":"Starting Emulator UI with command {\"binary\":\"node\",\"args\":[\"C:\\\\Users\\\\huzaif\\\\.cache\\\\firebase\\\\emulators\\\\ui-v1.1.1\\\\server.bundle.js\"],\"optionalArgs\":[],\"joinArgs\":false}"}}
[info] i  ui: Emulator UI logging to ui-debug.log {"metadata":{"emulator":{"name":"ui"},"message":"Emulator UI logging to \u001b[1mui-debug.log\u001b[22m"}}
[debug] [2020-10-05T07:05:32.995Z] Web / API server started at http://localhost:4000
 {"metadata":{"emulator":{"name":"ui"},"message":"Web / API server started at http://localhost:4000\n"}}
[info] i  functions: Watching "C:\amazon clone\amazon-clone\functions" for Cloud Functions... {"metadata":{"emulator":{"name":"functions"},"message":"Watching \"C:\\amazon clone\\amazon-clone\\functions\" for Cloud Functions..."}}
[debug] [2020-10-05T07:05:33.475Z] [worker-pool] addWorker(~diagnostic~) {"metadata":{"emulator":{"name":"functions"},"message":"[worker-pool] addWorker(~diagnostic~)"}}
[debug] [2020-10-05T07:05:33.476Z] [worker-pool] Adding worker with key ~diagnostic~, total=1 {"metadata":{"emulator":{"name":"functions"},"message":"[worker-pool] Adding worker with key ~diagnostic~, total=1"}}
[debug] [2020-10-05T07:05:33.476Z] [worker-pool] submitWork(triggerId=) {"metadata":{"emulator":{"name":"functions"},"message":"[worker-pool] submitWork(triggerId=)"}}
[debug] [2020-10-05T07:05:33.476Z] [worker-~diagnostic~-649b7eba-9320-45dd-8668-8a63d70ac289]: Assigning socketPath: \\?\pipe\C:\amazon clone\amazon-clone\functions\3700 {"metadata":{"emulator":{"name":"functions"},"message":"[worker-~diagnostic~-649b7eba-9320-45dd-8668-8a63d70ac289]: Assigning socketPath: \\\\?\\pipe\\C:\\amazon clone\\amazon-clone\\functions\\3700"}}
[debug] [2020-10-05T07:05:33.477Z] [worker-~diagnostic~-649b7eba-9320-45dd-8668-8a63d70ac289]: BUSY {"metadata":{"emulator":{"name":"functions"},"message":"[worker-~diagnostic~-649b7eba-9320-45dd-8668-8a63d70ac289]: BUSY"}}
[debug] [2020-10-05T07:05:51.906Z] [runtime-status] [3700] Functions runtime initialized. {"cwd":"C:\\amazon clone\\amazon-clone\\functions","node_version":"12.18.3"} {"metadata":{"emulator":{"name":"functions"},"message":"[runtime-status] [3700] Functions runtime initialized. {\"cwd\":\"C:\\\\amazon clone\\\\amazon-clone\\\\functions\",\"node_version\":\"12.18.3\"}"}}
[debug] [2020-10-05T07:05:51.907Z] [runtime-status] [3700] Disabled runtime features: undefined {"metadata":{"emulator":{"name":"functions"},"message":"[runtime-status] [3700] Disabled runtime features: undefined"}}
[debug] [2020-10-05T07:05:51.975Z] [runtime-status] [3700] Resolved module firebase-admin {"declared":true,"installed":true,"version":"8.13.0","resolution":"C:\\amazon clone\\amazon-clone\\functions\\node_modules\\firebase-admin\\lib\\index.js"} {"metadata":{"emulator":{"name":"functions"},"message":"[runtime-status] [3700] Resolved module firebase-admin {\"declared\":true,\"installed\":true,\"version\":\"8.13.0\",\"resolution\":\"C:\\\\amazon clone\\\\amazon-clone\\\\functions\\\\node_modules\\\\firebase-admin\\\\lib\\\\index.js\"}"}}
[debug] [2020-10-05T07:05:52.025Z] [runtime-status] [3700] Resolved module firebase-functions {"declared":true,"installed":true,"version":"3.11.0","resolution":"C:\\amazon clone\\amazon-clone\\functions\\node_modules\\firebase-functions\\lib\\index.js"} {"metadata":{"emulator":{"name":"functions"},"message":"[runtime-status] [3700] Resolved module firebase-functions {\"declared\":true,\"installed\":true,\"version\":\"3.11.0\",\"resolution\":\"C:\\\\amazon clone\\\\amazon-clone\\\\functions\\\\node_modules\\\\firebase-functions\\\\lib\\\\index.js\"}"}}
[debug] [2020-10-05T07:05:52.027Z] [runtime-status] [3700] Resolved module firebase-functions {"declared":true,"installed":true,"version":"3.11.0","resolution":"C:\\amazon clone\\amazon-clone\\functions\\node_modules\\firebase-functions\\lib\\index.js"} {"metadata":{"emulator":{"name":"functions"},"message":"[runtime-status] [3700] Resolved module firebase-functions {\"declared\":true,\"installed\":true,\"version\":\"3.11.0\",\"resolution\":\"C:\\\\amazon clone\\\\amazon-clone\\\\functions\\\\node_modules\\\\firebase-functions\\\\lib\\\\index.js\"}"}}
[debug] [2020-10-05T07:05:52.030Z] [runtime-status] [3700] Outgoing network have been stubbed. [{"name":"http","status":"mocked"},{"name":"http","status":"mocked"},{"name":"https","status":"mocked"},{"name":"https","status":"mocked"},{"name":"net","status":"mocked"}] {"metadata":{"emulator":{"name":"functions"},"message":"[runtime-status] [3700] Outgoing network have been stubbed. [{\"name\":\"http\",\"status\":\"mocked\"},{\"name\":\"http\",\"status\":\"mocked\"},{\"name\":\"https\",\"status\":\"mocked\"},{\"name\":\"https\",\"status\":\"mocked\"},{\"name\":\"net\",\"status\":\"mocked\"}]"}}
[debug] [2020-10-05T07:05:52.031Z] [runtime-status] [3700] Resolved module firebase-functions {"declared":true,"installed":true,"version":"3.11.0","resolution":"C:\\amazon clone\\amazon-clone\\functions\\node_modules\\firebase-functions\\lib\\index.js"} {"metadata":{"emulator":{"name":"functions"},"message":"[runtime-status] [3700] Resolved module firebase-functions {\"declared\":true,\"installed\":true,\"version\":\"3.11.0\",\"resolution\":\"C:\\\\amazon clone\\\\amazon-clone\\\\functions\\\\node_modules\\\\firebase-functions\\\\lib\\\\index.js\"}"}}
[debug] [2020-10-05T07:05:53.012Z] [runtime-status] [3700] Checked functions.config() {"config":{}} {"metadata":{"emulator":{"name":"functions"},"message":"[runtime-status] [3700] Checked functions.config() {\"config\":{}}"}}
[debug] [2020-10-05T07:05:53.013Z] [runtime-status] [3700] firebase-functions has been stubbed. {"functionsResolution":{"declared":true,"installed":true,"version":"3.11.0","resolution":"C:\\amazon clone\\amazon-clone\\functions\\node_modules\\firebase-functions\\lib\\index.js"}} {"metadata":{"emulator":{"name":"functions"},"message":"[runtime-status] [3700] firebase-functions has been stubbed. {\"functionsResolution\":{\"declared\":true,\"installed\":true,\"version\":\"3.11.0\",\"resolution\":\"C:\\\\amazon clone\\\\amazon-clone\\\\functions\\\\node_modules\\\\firebase-functions\\\\lib\\\\index.js\"}}"}}
[debug] [2020-10-05T07:05:53.013Z] [runtime-status] [3700] Resolved module firebase-functions {"declared":true,"installed":true,"version":"3.11.0","resolution":"C:\\amazon clone\\amazon-clone\\functions\\node_modules\\firebase-functions\\lib\\index.js"} {"metadata":{"emulator":{"name":"functions"},"message":"[runtime-status] [3700] Resolved module firebase-functions {\"declared\":true,\"installed\":true,\"version\":\"3.11.0\",\"resolution\":\"C:\\\\amazon clone\\\\amazon-clone\\\\functions\\\\node_modules\\\\firebase-functions\\\\lib\\\\index.js\"}"}}
[debug] [2020-10-05T07:05:53.014Z] [runtime-status] [3700] Resolved module firebase-admin {"declared":true,"installed":true,"version":"8.13.0","resolution":"C:\\amazon clone\\amazon-clone\\functions\\node_modules\\firebase-admin\\lib\\index.js"} {"metadata":{"emulator":{"name":"functions"},"message":"[runtime-status] [3700] Resolved module firebase-admin {\"declared\":true,\"installed\":true,\"version\":\"8.13.0\",\"resolution\":\"C:\\\\amazon clone\\\\amazon-clone\\\\functions\\\\node_modules\\\\firebase-admin\\\\lib\\\\index.js\"}"}}
[debug] [2020-10-05T07:05:53.015Z] [runtime-status] [3700] Resolved module firebase-functions {"declared":true,"installed":true,"version":"3.11.0","resolution":"C:\\amazon clone\\amazon-clone\\functions\\node_modules\\firebase-functions\\lib\\index.js"} {"metadata":{"emulator":{"name":"functions"},"message":"[runtime-status] [3700] Resolved module firebase-functions {\"declared\":true,\"installed\":true,\"version\":\"3.11.0\",\"resolution\":\"C:\\\\amazon clone\\\\amazon-clone\\\\functions\\\\node_modules\\\\firebase-functions\\\\lib\\\\index.js\"}"}}
[debug] [2020-10-05T07:05:53.016Z] [runtime-status] [3700] firebase-admin has been stubbed. {"adminResolution":{"declared":true,"installed":true,"version":"8.13.0","resolution":"C:\\amazon clone\\amazon-clone\\functions\\node_modules\\firebase-admin\\lib\\index.js"}} {"metadata":{"emulator":{"name":"functions"},"message":"[runtime-status] [3700] firebase-admin has been stubbed. {\"adminResolution\":{\"declared\":true,\"installed\":true,\"version\":\"8.13.0\",\"resolution\":\"C:\\\\amazon clone\\\\amazon-clone\\\\functions\\\\node_modules\\\\firebase-admin\\\\lib\\\\index.js\"}}"}}
[info] +  functions[api]: http function initialized (http://localhost:5001/clone-4a182/us-central1/api). {"metadata":{"emulator":{"name":"functions"},"message":"\u001b[1mhttp\u001b[22m function initialized (http://localhost:5001/clone-4a182/us-central1/api)."}}
[info] 
┌───────────────────────────────────────────────────────────────────────┐
│ ✔  All emulators ready! View status and logs at http://localhost:4000 │
└───────────────────────────────────────────────────────────────────────┘

┌───────────┬────────────────┬─────────────────────────────────┐
│ Emulator  │ Host:Port      │ View in Emulator UI             │
├───────────┼────────────────┼─────────────────────────────────┤
│ Functions │ localhost:5001 │ http://localhost:4000/functions │
├───────────┼────────────────┼─────────────────────────────────┤
│ Hosting   │ localhost:5000 │ n/a                             │
└───────────┴────────────────┴─────────────────────────────────┘
  Other reserved ports: 4400, 4500

Issues? Report them at https://github.com/firebase/firebase-tools/issues and attach the *-debug.log files.
 
[debug] [2020-10-05T07:05:56.959Z] [worker-~diagnostic~-649b7eba-9320-45dd-8668-8a63d70ac289]: IDLE {"metadata":{"emulator":{"name":"functions"},"message":"[worker-~diagnostic~-649b7eba-9320-45dd-8668-8a63d70ac289]: IDLE"}}
